<?xml version="1.0" encoding="UTF-8"?>
<!-- Generated by org.testng.reporters.JUnitReportReporter -->
<testsuite hostname="ROUGUI" failures="0" tests="1" name="com.pom.selenium.Exercice_1" time="57.882" errors="0" timestamp="17 Dec 2021 23:03:47 GMT">
  <testcase classname="com.pom.selenium.Exercice_1" name="testExercice1" time="57.882"/>
</testsuite> <!-- com.pom.selenium.Exercice_1 -->
