<?xml version="1.0" encoding="UTF-8"?>
<!-- Generated by org.testng.reporters.JUnitReportReporter -->
<testsuite hostname="ROUGUI" failures="0" tests="3" name="com.test.selenium.testCase.ExerciceTestCase" time="95.825" errors="0" timestamp="26 Dec 2021 13:54:10 GMT">
  <testcase classname="com.test.selenium.testCase.ExerciceTestCase" name="exercice_1" time="38.145"/>
  <testcase classname="com.test.selenium.testCase.ExerciceTestCase" name="accueil" time="0.077"/>
  <testcase classname="com.test.selenium.testCase.ExerciceTestCase" name="exercice_2" time="57.603"/>
</testsuite> <!-- com.test.selenium.testCase.ExerciceTestCase -->
