<?xml version="1.0" encoding="UTF-8"?>
<!-- Generated by org.testng.reporters.JUnitReportReporter -->
<testsuite hostname="ROUGUI" failures="0" tests="3" name="com.test.selenium.testCase.ExerciceTestCase" time="747.185" errors="0" timestamp="26 Dec 2021 20:29:30 GMT">
  <testcase classname="com.test.selenium.testCase.ExerciceTestCase" name="exercice_1" time="32.748"/>
  <testcase classname="com.test.selenium.testCase.ExerciceTestCase" name="accueil" time="0.072"/>
  <testcase classname="com.test.selenium.testCase.ExerciceTestCase" name="exercice_2" time="714.365"/>
</testsuite> <!-- com.test.selenium.testCase.ExerciceTestCase -->
